<?xml version="1.0" encoding="UTF-8"?>
<testsuite xmlns:xsi="http://www.w3.org/2001/XMLSchema-instance" xsi:noNamespaceSchemaLocation="https://maven.apache.org/surefire/maven-surefire-plugin/xsd/surefire-test-report.xsd" name="com.zzy.DemoApplicationTests" time="1.003" tests="1" errors="0" skipped="0" failures="0">
  <properties>
    <property name="sun.desktop" value="windows"/>
    <property name="awt.toolkit" value="sun.awt.windows.WToolkit"/>
    <property name="java.specification.version" value="11"/>
    <property name="sun.cpu.isalist" value="amd64"/>
    <property name="sun.jnu.encoding" value="GBK"/>
    <property name="java.class.path" value="D:\ProjectsAll\Java\EasyHouseRent\springboot\target\test-classes;D:\ProjectsAll\Java\EasyHouseRent\springboot\target\classes;D:\Files\Maven\apache-maven-3.6.1\repo\org\springframework\boot\spring-boot-starter-web\2.5.3\spring-boot-starter-web-2.5.3.jar;D:\Files\Maven\apache-maven-3.6.1\repo\org\springframework\boot\spring-boot-starter\2.5.3\spring-boot-starter-2.5.3.jar;D:\Files\Maven\apache-maven-3.6.1\repo\org\springframework\boot\spring-boot\2.5.3\spring-boot-2.5.3.jar;D:\Files\Maven\apache-maven-3.6.1\repo\org\springframework\boot\spring-boot-starter-logging\2.5.3\spring-boot-starter-logging-2.5.3.jar;D:\Files\Maven\apache-maven-3.6.1\repo\ch\qos\logback\logback-classic\1.2.4\logback-classic-1.2.4.jar;D:\Files\Maven\apache-maven-3.6.1\repo\ch\qos\logback\logback-core\1.2.4\logback-core-1.2.4.jar;D:\Files\Maven\apache-maven-3.6.1\repo\org\apache\logging\log4j\log4j-to-slf4j\2.14.1\log4j-to-slf4j-2.14.1.jar;D:\Files\Maven\apache-maven-3.6.1\repo\org\slf4j\jul-to-slf4j\1.7.32\jul-to-slf4j-1.7.32.jar;D:\Files\Maven\apache-maven-3.6.1\repo\jakarta\annotation\jakarta.annotation-api\1.3.5\jakarta.annotation-api-1.3.5.jar;D:\Files\Maven\apache-maven-3.6.1\repo\org\yaml\snakeyaml\1.28\snakeyaml-1.28.jar;D:\Files\Maven\apache-maven-3.6.1\repo\org\springframework\boot\spring-boot-starter-json\2.5.3\spring-boot-starter-json-2.5.3.jar;D:\Files\Maven\apache-maven-3.6.1\repo\com\fasterxml\jackson\datatype\jackson-datatype-jdk8\2.12.4\jackson-datatype-jdk8-2.12.4.jar;D:\Files\Maven\apache-maven-3.6.1\repo\com\fasterxml\jackson\datatype\jackson-datatype-jsr310\2.12.4\jackson-datatype-jsr310-2.12.4.jar;D:\Files\Maven\apache-maven-3.6.1\repo\com\fasterxml\jackson\module\jackson-module-parameter-names\2.12.4\jackson-module-parameter-names-2.12.4.jar;D:\Files\Maven\apache-maven-3.6.1\repo\org\springframework\boot\spring-boot-starter-tomcat\2.5.3\spring-boot-starter-tomcat-2.5.3.jar;D:\Files\Maven\apache-maven-3.6.1\repo\org\apache\tomcat\embed\tomcat-embed-core\9.0.50\tomcat-embed-core-9.0.50.jar;D:\Files\Maven\apache-maven-3.6.1\repo\org\apache\tomcat\embed\tomcat-embed-el\9.0.50\tomcat-embed-el-9.0.50.jar;D:\Files\Maven\apache-maven-3.6.1\repo\org\apache\tomcat\embed\tomcat-embed-websocket\9.0.50\tomcat-embed-websocket-9.0.50.jar;D:\Files\Maven\apache-maven-3.6.1\repo\org\springframework\spring-web\5.3.9\spring-web-5.3.9.jar;D:\Files\Maven\apache-maven-3.6.1\repo\org\springframework\spring-beans\5.3.9\spring-beans-5.3.9.jar;D:\Files\Maven\apache-maven-3.6.1\repo\org\springframework\spring-webmvc\5.3.9\spring-webmvc-5.3.9.jar;D:\Files\Maven\apache-maven-3.6.1\repo\org\springframework\spring-aop\5.3.9\spring-aop-5.3.9.jar;D:\Files\Maven\apache-maven-3.6.1\repo\org\springframework\spring-context\5.3.9\spring-context-5.3.9.jar;D:\Files\Maven\apache-maven-3.6.1\repo\org\springframework\spring-expression\5.3.9\spring-expression-5.3.9.jar;D:\Files\Maven\apache-maven-3.6.1\repo\org\springframework\boot\spring-boot-starter-data-redis\2.5.3\spring-boot-starter-data-redis-2.5.3.jar;D:\Files\Maven\apache-maven-3.6.1\repo\org\springframework\data\spring-data-redis\2.5.3\spring-data-redis-2.5.3.jar;D:\Files\Maven\apache-maven-3.6.1\repo\org\springframework\data\spring-data-keyvalue\2.5.3\spring-data-keyvalue-2.5.3.jar;D:\Files\Maven\apache-maven-3.6.1\repo\org\springframework\data\spring-data-commons\2.5.3\spring-data-commons-2.5.3.jar;D:\Files\Maven\apache-maven-3.6.1\repo\org\springframework\spring-tx\5.3.9\spring-tx-5.3.9.jar;D:\Files\Maven\apache-maven-3.6.1\repo\org\springframework\spring-oxm\5.3.9\spring-oxm-5.3.9.jar;D:\Files\Maven\apache-maven-3.6.1\repo\org\springframework\spring-context-support\5.3.9\spring-context-support-5.3.9.jar;D:\Files\Maven\apache-maven-3.6.1\repo\org\slf4j\slf4j-api\1.7.32\slf4j-api-1.7.32.jar;D:\Files\Maven\apache-maven-3.6.1\repo\io\lettuce\lettuce-core\6.1.4.RELEASE\lettuce-core-6.1.4.RELEASE.jar;D:\Files\Maven\apache-maven-3.6.1\repo\io\netty\netty-common\4.1.66.Final\netty-common-4.1.66.Final.jar;D:\Files\Maven\apache-maven-3.6.1\repo\io\netty\netty-handler\4.1.66.Final\netty-handler-4.1.66.Final.jar;D:\Files\Maven\apache-maven-3.6.1\repo\io\netty\netty-resolver\4.1.66.Final\netty-resolver-4.1.66.Final.jar;D:\Files\Maven\apache-maven-3.6.1\repo\io\netty\netty-buffer\4.1.66.Final\netty-buffer-4.1.66.Final.jar;D:\Files\Maven\apache-maven-3.6.1\repo\io\netty\netty-codec\4.1.66.Final\netty-codec-4.1.66.Final.jar;D:\Files\Maven\apache-maven-3.6.1\repo\io\netty\netty-transport\4.1.66.Final\netty-transport-4.1.66.Final.jar;D:\Files\Maven\apache-maven-3.6.1\repo\io\projectreactor\reactor-core\3.4.8\reactor-core-3.4.8.jar;D:\Files\Maven\apache-maven-3.6.1\repo\org\reactivestreams\reactive-streams\1.0.3\reactive-streams-1.0.3.jar;D:\Files\Maven\apache-maven-3.6.1\repo\org\apache\commons\commons-pool2\2.9.0\commons-pool2-2.9.0.jar;D:\Files\Maven\apache-maven-3.6.1\repo\com\fasterxml\jackson\core\jackson-databind\2.12.3\jackson-databind-2.12.3.jar;D:\Files\Maven\apache-maven-3.6.1\repo\com\fasterxml\jackson\core\jackson-annotations\2.12.4\jackson-annotations-2.12.4.jar;D:\Files\Maven\apache-maven-3.6.1\repo\com\fasterxml\jackson\core\jackson-core\2.12.4\jackson-core-2.12.4.jar;D:\Files\Maven\apache-maven-3.6.1\repo\mysql\mysql-connector-java\8.0.26\mysql-connector-java-8.0.26.jar;D:\Files\Maven\apache-maven-3.6.1\repo\org\projectlombok\lombok\1.18.20\lombok-1.18.20.jar;D:\Files\Maven\apache-maven-3.6.1\repo\org\springframework\boot\spring-boot-starter-test\2.5.3\spring-boot-starter-test-2.5.3.jar;D:\Files\Maven\apache-maven-3.6.1\repo\org\springframework\boot\spring-boot-test\2.5.3\spring-boot-test-2.5.3.jar;D:\Files\Maven\apache-maven-3.6.1\repo\org\springframework\boot\spring-boot-test-autoconfigure\2.5.3\spring-boot-test-autoconfigure-2.5.3.jar;D:\Files\Maven\apache-maven-3.6.1\repo\com\jayway\jsonpath\json-path\2.5.0\json-path-2.5.0.jar;D:\Files\Maven\apache-maven-3.6.1\repo\net\minidev\json-smart\2.4.7\json-smart-2.4.7.jar;D:\Files\Maven\apache-maven-3.6.1\repo\net\minidev\accessors-smart\2.4.7\accessors-smart-2.4.7.jar;D:\Files\Maven\apache-maven-3.6.1\repo\org\ow2\asm\asm\9.1\asm-9.1.jar;D:\Files\Maven\apache-maven-3.6.1\repo\jakarta\xml\bind\jakarta.xml.bind-api\2.3.3\jakarta.xml.bind-api-2.3.3.jar;D:\Files\Maven\apache-maven-3.6.1\repo\jakarta\activation\jakarta.activation-api\1.2.2\jakarta.activation-api-1.2.2.jar;D:\Files\Maven\apache-maven-3.6.1\repo\org\assertj\assertj-core\3.19.0\assertj-core-3.19.0.jar;D:\Files\Maven\apache-maven-3.6.1\repo\org\hamcrest\hamcrest\2.2\hamcrest-2.2.jar;D:\Files\Maven\apache-maven-3.6.1\repo\org\junit\jupiter\junit-jupiter\5.7.2\junit-jupiter-5.7.2.jar;D:\Files\Maven\apache-maven-3.6.1\repo\org\junit\jupiter\junit-jupiter-api\5.7.2\junit-jupiter-api-5.7.2.jar;D:\Files\Maven\apache-maven-3.6.1\repo\org\apiguardian\apiguardian-api\1.1.0\apiguardian-api-1.1.0.jar;D:\Files\Maven\apache-maven-3.6.1\repo\org\opentest4j\opentest4j\1.2.0\opentest4j-1.2.0.jar;D:\Files\Maven\apache-maven-3.6.1\repo\org\junit\platform\junit-platform-commons\1.7.2\junit-platform-commons-1.7.2.jar;D:\Files\Maven\apache-maven-3.6.1\repo\org\junit\jupiter\junit-jupiter-params\5.7.2\junit-jupiter-params-5.7.2.jar;D:\Files\Maven\apache-maven-3.6.1\repo\org\junit\jupiter\junit-jupiter-engine\5.7.2\junit-jupiter-engine-5.7.2.jar;D:\Files\Maven\apache-maven-3.6.1\repo\org\junit\platform\junit-platform-engine\1.7.2\junit-platform-engine-1.7.2.jar;D:\Files\Maven\apache-maven-3.6.1\repo\org\mockito\mockito-core\3.9.0\mockito-core-3.9.0.jar;D:\Files\Maven\apache-maven-3.6.1\repo\net\bytebuddy\byte-buddy\1.10.22\byte-buddy-1.10.22.jar;D:\Files\Maven\apache-maven-3.6.1\repo\net\bytebuddy\byte-buddy-agent\1.10.22\byte-buddy-agent-1.10.22.jar;D:\Files\Maven\apache-maven-3.6.1\repo\org\objenesis\objenesis\3.2\objenesis-3.2.jar;D:\Files\Maven\apache-maven-3.6.1\repo\org\mockito\mockito-junit-jupiter\3.9.0\mockito-junit-jupiter-3.9.0.jar;D:\Files\Maven\apache-maven-3.6.1\repo\org\skyscreamer\jsonassert\1.5.0\jsonassert-1.5.0.jar;D:\Files\Maven\apache-maven-3.6.1\repo\com\vaadin\external\google\android-json\0.0.20131108.vaadin1\android-json-0.0.20131108.vaadin1.jar;D:\Files\Maven\apache-maven-3.6.1\repo\org\springframework\spring-core\5.3.9\spring-core-5.3.9.jar;D:\Files\Maven\apache-maven-3.6.1\repo\org\springframework\spring-jcl\5.3.9\spring-jcl-5.3.9.jar;D:\Files\Maven\apache-maven-3.6.1\repo\org\springframework\spring-test\5.3.9\spring-test-5.3.9.jar;D:\Files\Maven\apache-maven-3.6.1\repo\org\xmlunit\xmlunit-core\2.8.2\xmlunit-core-2.8.2.jar;D:\Files\Maven\apache-maven-3.6.1\repo\org\mybatis\spring\boot\mybatis-spring-boot-starter\2.2.0\mybatis-spring-boot-starter-2.2.0.jar;D:\Files\Maven\apache-maven-3.6.1\repo\org\springframework\boot\spring-boot-starter-jdbc\2.5.3\spring-boot-starter-jdbc-2.5.3.jar;D:\Files\Maven\apache-maven-3.6.1\repo\com\zaxxer\HikariCP\4.0.3\HikariCP-4.0.3.jar;D:\Files\Maven\apache-maven-3.6.1\repo\org\springframework\spring-jdbc\5.3.9\spring-jdbc-5.3.9.jar;D:\Files\Maven\apache-maven-3.6.1\repo\org\mybatis\spring\boot\mybatis-spring-boot-autoconfigure\2.2.0\mybatis-spring-boot-autoconfigure-2.2.0.jar;D:\Files\Maven\apache-maven-3.6.1\repo\org\mybatis\mybatis\3.5.7\mybatis-3.5.7.jar;D:\Files\Maven\apache-maven-3.6.1\repo\org\mybatis\mybatis-spring\2.0.6\mybatis-spring-2.0.6.jar;D:\Files\Maven\apache-maven-3.6.1\repo\com\baomidou\mybatis-plus-boot-starter\3.4.3.1\mybatis-plus-boot-starter-3.4.3.1.jar;D:\Files\Maven\apache-maven-3.6.1\repo\com\baomidou\mybatis-plus\3.4.3.1\mybatis-plus-3.4.3.1.jar;D:\Files\Maven\apache-maven-3.6.1\repo\com\baomidou\mybatis-plus-extension\3.4.3.1\mybatis-plus-extension-3.4.3.1.jar;D:\Files\Maven\apache-maven-3.6.1\repo\com\baomidou\mybatis-plus-core\3.4.3.1\mybatis-plus-core-3.4.3.1.jar;D:\Files\Maven\apache-maven-3.6.1\repo\com\baomidou\mybatis-plus-annotation\3.4.3.1\mybatis-plus-annotation-3.4.3.1.jar;D:\Files\Maven\apache-maven-3.6.1\repo\com\github\jsqlparser\jsqlparser\4.0\jsqlparser-4.0.jar;D:\Files\Maven\apache-maven-3.6.1\repo\org\springframework\boot\spring-boot-autoconfigure\2.5.3\spring-boot-autoconfigure-2.5.3.jar;D:\Files\Maven\apache-maven-3.6.1\repo\cn\hutool\hutool-all\5.7.7\hutool-all-5.7.7.jar;D:\Files\Maven\apache-maven-3.6.1\repo\org\apache\poi\poi\5.2.3\poi-5.2.3.jar;D:\Files\Maven\apache-maven-3.6.1\repo\commons-codec\commons-codec\1.15\commons-codec-1.15.jar;D:\Files\Maven\apache-maven-3.6.1\repo\org\apache\commons\commons-collections4\4.4\commons-collections4-4.4.jar;D:\Files\Maven\apache-maven-3.6.1\repo\org\apache\commons\commons-math3\3.6.1\commons-math3-3.6.1.jar;D:\Files\Maven\apache-maven-3.6.1\repo\commons-io\commons-io\2.11.0\commons-io-2.11.0.jar;D:\Files\Maven\apache-maven-3.6.1\repo\com\zaxxer\SparseBitSet\1.2\SparseBitSet-1.2.jar;D:\Files\Maven\apache-maven-3.6.1\repo\org\apache\logging\log4j\log4j-api\2.14.1\log4j-api-2.14.1.jar;D:\Files\Maven\apache-maven-3.6.1\repo\org\apache\poi\poi-ooxml\5.2.3\poi-ooxml-5.2.3.jar;D:\Files\Maven\apache-maven-3.6.1\repo\org\apache\poi\poi-ooxml-lite\5.2.3\poi-ooxml-lite-5.2.3.jar;D:\Files\Maven\apache-maven-3.6.1\repo\org\apache\xmlbeans\xmlbeans\5.1.1\xmlbeans-5.1.1.jar;D:\Files\Maven\apache-maven-3.6.1\repo\org\apache\commons\commons-compress\1.21\commons-compress-1.21.jar;D:\Files\Maven\apache-maven-3.6.1\repo\com\github\virtuald\curvesapi\1.07\curvesapi-1.07.jar;"/>
    <property name="java.vm.vendor" value="Oracle Corporation"/>
    <property name="sun.arch.data.model" value="64"/>
    <property name="user.variant" value=""/>
    <property name="java.vendor.url" value="https://openjdk.java.net/"/>
    <property name="user.timezone" value="Asia/Shanghai"/>
    <property name="java.vm.specification.version" value="11"/>
    <property name="os.name" value="Windows 11"/>
    <property name="sun.java.launcher" value="SUN_STANDARD"/>
    <property name="user.country" value="CN"/>
    <property name="sun.boot.library.path" value="D:\Files\jdk\jdk-11.0.16.1\bin"/>
    <property name="sun.java.command" value="C:\Users\86198\AppData\Local\Temp\surefire3895399514389271917\surefirebooter14135950056894255637.jar C:\Users\86198\AppData\Local\Temp\surefire3895399514389271917 2025-02-16T12-54-41_820-jvmRun1 surefire11909634825631300859tmp surefire_011297727923152234047tmp"/>
    <property name="jdk.debug" value="release"/>
    <property name="surefire.test.class.path" value="D:\ProjectsAll\Java\EasyHouseRent\springboot\target\test-classes;D:\ProjectsAll\Java\EasyHouseRent\springboot\target\classes;D:\Files\Maven\apache-maven-3.6.1\repo\org\springframework\boot\spring-boot-starter-web\2.5.3\spring-boot-starter-web-2.5.3.jar;D:\Files\Maven\apache-maven-3.6.1\repo\org\springframework\boot\spring-boot-starter\2.5.3\spring-boot-starter-2.5.3.jar;D:\Files\Maven\apache-maven-3.6.1\repo\org\springframework\boot\spring-boot\2.5.3\spring-boot-2.5.3.jar;D:\Files\Maven\apache-maven-3.6.1\repo\org\springframework\boot\spring-boot-starter-logging\2.5.3\spring-boot-starter-logging-2.5.3.jar;D:\Files\Maven\apache-maven-3.6.1\repo\ch\qos\logback\logback-classic\1.2.4\logback-classic-1.2.4.jar;D:\Files\Maven\apache-maven-3.6.1\repo\ch\qos\logback\logback-core\1.2.4\logback-core-1.2.4.jar;D:\Files\Maven\apache-maven-3.6.1\repo\org\apache\logging\log4j\log4j-to-slf4j\2.14.1\log4j-to-slf4j-2.14.1.jar;D:\Files\Maven\apache-maven-3.6.1\repo\org\slf4j\jul-to-slf4j\1.7.32\jul-to-slf4j-1.7.32.jar;D:\Files\Maven\apache-maven-3.6.1\repo\jakarta\annotation\jakarta.annotation-api\1.3.5\jakarta.annotation-api-1.3.5.jar;D:\Files\Maven\apache-maven-3.6.1\repo\org\yaml\snakeyaml\1.28\snakeyaml-1.28.jar;D:\Files\Maven\apache-maven-3.6.1\repo\org\springframework\boot\spring-boot-starter-json\2.5.3\spring-boot-starter-json-2.5.3.jar;D:\Files\Maven\apache-maven-3.6.1\repo\com\fasterxml\jackson\datatype\jackson-datatype-jdk8\2.12.4\jackson-datatype-jdk8-2.12.4.jar;D:\Files\Maven\apache-maven-3.6.1\repo\com\fasterxml\jackson\datatype\jackson-datatype-jsr310\2.12.4\jackson-datatype-jsr310-2.12.4.jar;D:\Files\Maven\apache-maven-3.6.1\repo\com\fasterxml\jackson\module\jackson-module-parameter-names\2.12.4\jackson-module-parameter-names-2.12.4.jar;D:\Files\Maven\apache-maven-3.6.1\repo\org\springframework\boot\spring-boot-starter-tomcat\2.5.3\spring-boot-starter-tomcat-2.5.3.jar;D:\Files\Maven\apache-maven-3.6.1\repo\org\apache\tomcat\embed\tomcat-embed-core\9.0.50\tomcat-embed-core-9.0.50.jar;D:\Files\Maven\apache-maven-3.6.1\repo\org\apache\tomcat\embed\tomcat-embed-el\9.0.50\tomcat-embed-el-9.0.50.jar;D:\Files\Maven\apache-maven-3.6.1\repo\org\apache\tomcat\embed\tomcat-embed-websocket\9.0.50\tomcat-embed-websocket-9.0.50.jar;D:\Files\Maven\apache-maven-3.6.1\repo\org\springframework\spring-web\5.3.9\spring-web-5.3.9.jar;D:\Files\Maven\apache-maven-3.6.1\repo\org\springframework\spring-beans\5.3.9\spring-beans-5.3.9.jar;D:\Files\Maven\apache-maven-3.6.1\repo\org\springframework\spring-webmvc\5.3.9\spring-webmvc-5.3.9.jar;D:\Files\Maven\apache-maven-3.6.1\repo\org\springframework\spring-aop\5.3.9\spring-aop-5.3.9.jar;D:\Files\Maven\apache-maven-3.6.1\repo\org\springframework\spring-context\5.3.9\spring-context-5.3.9.jar;D:\Files\Maven\apache-maven-3.6.1\repo\org\springframework\spring-expression\5.3.9\spring-expression-5.3.9.jar;D:\Files\Maven\apache-maven-3.6.1\repo\org\springframework\boot\spring-boot-starter-data-redis\2.5.3\spring-boot-starter-data-redis-2.5.3.jar;D:\Files\Maven\apache-maven-3.6.1\repo\org\springframework\data\spring-data-redis\2.5.3\spring-data-redis-2.5.3.jar;D:\Files\Maven\apache-maven-3.6.1\repo\org\springframework\data\spring-data-keyvalue\2.5.3\spring-data-keyvalue-2.5.3.jar;D:\Files\Maven\apache-maven-3.6.1\repo\org\springframework\data\spring-data-commons\2.5.3\spring-data-commons-2.5.3.jar;D:\Files\Maven\apache-maven-3.6.1\repo\org\springframework\spring-tx\5.3.9\spring-tx-5.3.9.jar;D:\Files\Maven\apache-maven-3.6.1\repo\org\springframework\spring-oxm\5.3.9\spring-oxm-5.3.9.jar;D:\Files\Maven\apache-maven-3.6.1\repo\org\springframework\spring-context-support\5.3.9\spring-context-support-5.3.9.jar;D:\Files\Maven\apache-maven-3.6.1\repo\org\slf4j\slf4j-api\1.7.32\slf4j-api-1.7.32.jar;D:\Files\Maven\apache-maven-3.6.1\repo\io\lettuce\lettuce-core\6.1.4.RELEASE\lettuce-core-6.1.4.RELEASE.jar;D:\Files\Maven\apache-maven-3.6.1\repo\io\netty\netty-common\4.1.66.Final\netty-common-4.1.66.Final.jar;D:\Files\Maven\apache-maven-3.6.1\repo\io\netty\netty-handler\4.1.66.Final\netty-handler-4.1.66.Final.jar;D:\Files\Maven\apache-maven-3.6.1\repo\io\netty\netty-resolver\4.1.66.Final\netty-resolver-4.1.66.Final.jar;D:\Files\Maven\apache-maven-3.6.1\repo\io\netty\netty-buffer\4.1.66.Final\netty-buffer-4.1.66.Final.jar;D:\Files\Maven\apache-maven-3.6.1\repo\io\netty\netty-codec\4.1.66.Final\netty-codec-4.1.66.Final.jar;D:\Files\Maven\apache-maven-3.6.1\repo\io\netty\netty-transport\4.1.66.Final\netty-transport-4.1.66.Final.jar;D:\Files\Maven\apache-maven-3.6.1\repo\io\projectreactor\reactor-core\3.4.8\reactor-core-3.4.8.jar;D:\Files\Maven\apache-maven-3.6.1\repo\org\reactivestreams\reactive-streams\1.0.3\reactive-streams-1.0.3.jar;D:\Files\Maven\apache-maven-3.6.1\repo\org\apache\commons\commons-pool2\2.9.0\commons-pool2-2.9.0.jar;D:\Files\Maven\apache-maven-3.6.1\repo\com\fasterxml\jackson\core\jackson-databind\2.12.3\jackson-databind-2.12.3.jar;D:\Files\Maven\apache-maven-3.6.1\repo\com\fasterxml\jackson\core\jackson-annotations\2.12.4\jackson-annotations-2.12.4.jar;D:\Files\Maven\apache-maven-3.6.1\repo\com\fasterxml\jackson\core\jackson-core\2.12.4\jackson-core-2.12.4.jar;D:\Files\Maven\apache-maven-3.6.1\repo\mysql\mysql-connector-java\8.0.26\mysql-connector-java-8.0.26.jar;D:\Files\Maven\apache-maven-3.6.1\repo\org\projectlombok\lombok\1.18.20\lombok-1.18.20.jar;D:\Files\Maven\apache-maven-3.6.1\repo\org\springframework\boot\spring-boot-starter-test\2.5.3\spring-boot-starter-test-2.5.3.jar;D:\Files\Maven\apache-maven-3.6.1\repo\org\springframework\boot\spring-boot-test\2.5.3\spring-boot-test-2.5.3.jar;D:\Files\Maven\apache-maven-3.6.1\repo\org\springframework\boot\spring-boot-test-autoconfigure\2.5.3\spring-boot-test-autoconfigure-2.5.3.jar;D:\Files\Maven\apache-maven-3.6.1\repo\com\jayway\jsonpath\json-path\2.5.0\json-path-2.5.0.jar;D:\Files\Maven\apache-maven-3.6.1\repo\net\minidev\json-smart\2.4.7\json-smart-2.4.7.jar;D:\Files\Maven\apache-maven-3.6.1\repo\net\minidev\accessors-smart\2.4.7\accessors-smart-2.4.7.jar;D:\Files\Maven\apache-maven-3.6.1\repo\org\ow2\asm\asm\9.1\asm-9.1.jar;D:\Files\Maven\apache-maven-3.6.1\repo\jakarta\xml\bind\jakarta.xml.bind-api\2.3.3\jakarta.xml.bind-api-2.3.3.jar;D:\Files\Maven\apache-maven-3.6.1\repo\jakarta\activation\jakarta.activation-api\1.2.2\jakarta.activation-api-1.2.2.jar;D:\Files\Maven\apache-maven-3.6.1\repo\org\assertj\assertj-core\3.19.0\assertj-core-3.19.0.jar;D:\Files\Maven\apache-maven-3.6.1\repo\org\hamcrest\hamcrest\2.2\hamcrest-2.2.jar;D:\Files\Maven\apache-maven-3.6.1\repo\org\junit\jupiter\junit-jupiter\5.7.2\junit-jupiter-5.7.2.jar;D:\Files\Maven\apache-maven-3.6.1\repo\org\junit\jupiter\junit-jupiter-api\5.7.2\junit-jupiter-api-5.7.2.jar;D:\Files\Maven\apache-maven-3.6.1\repo\org\apiguardian\apiguardian-api\1.1.0\apiguardian-api-1.1.0.jar;D:\Files\Maven\apache-maven-3.6.1\repo\org\opentest4j\opentest4j\1.2.0\opentest4j-1.2.0.jar;D:\Files\Maven\apache-maven-3.6.1\repo\org\junit\platform\junit-platform-commons\1.7.2\junit-platform-commons-1.7.2.jar;D:\Files\Maven\apache-maven-3.6.1\repo\org\junit\jupiter\junit-jupiter-params\5.7.2\junit-jupiter-params-5.7.2.jar;D:\Files\Maven\apache-maven-3.6.1\repo\org\junit\jupiter\junit-jupiter-engine\5.7.2\junit-jupiter-engine-5.7.2.jar;D:\Files\Maven\apache-maven-3.6.1\repo\org\junit\platform\junit-platform-engine\1.7.2\junit-platform-engine-1.7.2.jar;D:\Files\Maven\apache-maven-3.6.1\repo\org\mockito\mockito-core\3.9.0\mockito-core-3.9.0.jar;D:\Files\Maven\apache-maven-3.6.1\repo\net\bytebuddy\byte-buddy\1.10.22\byte-buddy-1.10.22.jar;D:\Files\Maven\apache-maven-3.6.1\repo\net\bytebuddy\byte-buddy-agent\1.10.22\byte-buddy-agent-1.10.22.jar;D:\Files\Maven\apache-maven-3.6.1\repo\org\objenesis\objenesis\3.2\objenesis-3.2.jar;D:\Files\Maven\apache-maven-3.6.1\repo\org\mockito\mockito-junit-jupiter\3.9.0\mockito-junit-jupiter-3.9.0.jar;D:\Files\Maven\apache-maven-3.6.1\repo\org\skyscreamer\jsonassert\1.5.0\jsonassert-1.5.0.jar;D:\Files\Maven\apache-maven-3.6.1\repo\com\vaadin\external\google\android-json\0.0.20131108.vaadin1\android-json-0.0.20131108.vaadin1.jar;D:\Files\Maven\apache-maven-3.6.1\repo\org\springframework\spring-core\5.3.9\spring-core-5.3.9.jar;D:\Files\Maven\apache-maven-3.6.1\repo\org\springframework\spring-jcl\5.3.9\spring-jcl-5.3.9.jar;D:\Files\Maven\apache-maven-3.6.1\repo\org\springframework\spring-test\5.3.9\spring-test-5.3.9.jar;D:\Files\Maven\apache-maven-3.6.1\repo\org\xmlunit\xmlunit-core\2.8.2\xmlunit-core-2.8.2.jar;D:\Files\Maven\apache-maven-3.6.1\repo\org\mybatis\spring\boot\mybatis-spring-boot-starter\2.2.0\mybatis-spring-boot-starter-2.2.0.jar;D:\Files\Maven\apache-maven-3.6.1\repo\org\springframework\boot\spring-boot-starter-jdbc\2.5.3\spring-boot-starter-jdbc-2.5.3.jar;D:\Files\Maven\apache-maven-3.6.1\repo\com\zaxxer\HikariCP\4.0.3\HikariCP-4.0.3.jar;D:\Files\Maven\apache-maven-3.6.1\repo\org\springframework\spring-jdbc\5.3.9\spring-jdbc-5.3.9.jar;D:\Files\Maven\apache-maven-3.6.1\repo\org\mybatis\spring\boot\mybatis-spring-boot-autoconfigure\2.2.0\mybatis-spring-boot-autoconfigure-2.2.0.jar;D:\Files\Maven\apache-maven-3.6.1\repo\org\mybatis\mybatis\3.5.7\mybatis-3.5.7.jar;D:\Files\Maven\apache-maven-3.6.1\repo\org\mybatis\mybatis-spring\2.0.6\mybatis-spring-2.0.6.jar;D:\Files\Maven\apache-maven-3.6.1\repo\com\baomidou\mybatis-plus-boot-starter\3.4.3.1\mybatis-plus-boot-starter-3.4.3.1.jar;D:\Files\Maven\apache-maven-3.6.1\repo\com\baomidou\mybatis-plus\3.4.3.1\mybatis-plus-3.4.3.1.jar;D:\Files\Maven\apache-maven-3.6.1\repo\com\baomidou\mybatis-plus-extension\3.4.3.1\mybatis-plus-extension-3.4.3.1.jar;D:\Files\Maven\apache-maven-3.6.1\repo\com\baomidou\mybatis-plus-core\3.4.3.1\mybatis-plus-core-3.4.3.1.jar;D:\Files\Maven\apache-maven-3.6.1\repo\com\baomidou\mybatis-plus-annotation\3.4.3.1\mybatis-plus-annotation-3.4.3.1.jar;D:\Files\Maven\apache-maven-3.6.1\repo\com\github\jsqlparser\jsqlparser\4.0\jsqlparser-4.0.jar;D:\Files\Maven\apache-maven-3.6.1\repo\org\springframework\boot\spring-boot-autoconfigure\2.5.3\spring-boot-autoconfigure-2.5.3.jar;D:\Files\Maven\apache-maven-3.6.1\repo\cn\hutool\hutool-all\5.7.7\hutool-all-5.7.7.jar;D:\Files\Maven\apache-maven-3.6.1\repo\org\apache\poi\poi\5.2.3\poi-5.2.3.jar;D:\Files\Maven\apache-maven-3.6.1\repo\commons-codec\commons-codec\1.15\commons-codec-1.15.jar;D:\Files\Maven\apache-maven-3.6.1\repo\org\apache\commons\commons-collections4\4.4\commons-collections4-4.4.jar;D:\Files\Maven\apache-maven-3.6.1\repo\org\apache\commons\commons-math3\3.6.1\commons-math3-3.6.1.jar;D:\Files\Maven\apache-maven-3.6.1\repo\commons-io\commons-io\2.11.0\commons-io-2.11.0.jar;D:\Files\Maven\apache-maven-3.6.1\repo\com\zaxxer\SparseBitSet\1.2\SparseBitSet-1.2.jar;D:\Files\Maven\apache-maven-3.6.1\repo\org\apache\logging\log4j\log4j-api\2.14.1\log4j-api-2.14.1.jar;D:\Files\Maven\apache-maven-3.6.1\repo\org\apache\poi\poi-ooxml\5.2.3\poi-ooxml-5.2.3.jar;D:\Files\Maven\apache-maven-3.6.1\repo\org\apache\poi\poi-ooxml-lite\5.2.3\poi-ooxml-lite-5.2.3.jar;D:\Files\Maven\apache-maven-3.6.1\repo\org\apache\xmlbeans\xmlbeans\5.1.1\xmlbeans-5.1.1.jar;D:\Files\Maven\apache-maven-3.6.1\repo\org\apache\commons\commons-compress\1.21\commons-compress-1.21.jar;D:\Files\Maven\apache-maven-3.6.1\repo\com\github\virtuald\curvesapi\1.07\curvesapi-1.07.jar;"/>
    <property name="sun.cpu.endian" value="little"/>
    <property name="user.home" value="C:\Users\86198"/>
    <property name="user.language" value="zh"/>
    <property name="java.specification.vendor" value="Oracle Corporation"/>
    <property name="java.version.date" value="2022-08-18"/>
    <property name="java.home" value="D:\Files\jdk\jdk-11.0.16.1"/>
    <property name="file.separator" value="\"/>
    <property name="basedir" value="D:\ProjectsAll\Java\EasyHouseRent\springboot"/>
    <property name="java.vm.compressedOopsMode" value="Zero based"/>
    <property name="line.separator" value="&#10;"/>
    <property name="java.specification.name" value="Java Platform API Specification"/>
    <property name="java.vm.specification.vendor" value="Oracle Corporation"/>
    <property name="java.awt.graphicsenv" value="sun.awt.Win32GraphicsEnvironment"/>
    <property name="surefire.real.class.path" value="C:\Users\86198\AppData\Local\Temp\surefire3895399514389271917\surefirebooter14135950056894255637.jar"/>
    <property name="user.script" value=""/>
    <property name="sun.management.compiler" value="HotSpot 64-Bit Tiered Compilers"/>
    <property name="java.runtime.version" value="11.0.16.1+1-LTS-1"/>
    <property name="user.name" value="86198"/>
    <property name="path.separator" value=";"/>
    <property name="os.version" value="10.0"/>
    <property name="java.runtime.name" value="Java(TM) SE Runtime Environment"/>
    <property name="file.encoding" value="GBK"/>
    <property name="java.vm.name" value="Java HotSpot(TM) 64-Bit Server VM"/>
    <property name="java.vendor.version" value="18.9"/>
    <property name="localRepository" value="D:\Files\Maven\apache-maven-3.6.1\repo"/>
    <property name="java.vendor.url.bug" value="https://bugreport.java.com/bugreport/"/>
    <property name="java.io.tmpdir" value="C:\Users\86198\AppData\Local\Temp\"/>
    <property name="idea.version" value="2023.3.4"/>
    <property name="java.version" value="11.0.16.1"/>
    <property name="user.dir" value="D:\ProjectsAll\Java\EasyHouseRent\springboot"/>
    <property name="os.arch" value="amd64"/>
    <property name="java.vm.specification.name" value="Java Virtual Machine Specification"/>
    <property name="java.awt.printerjob" value="sun.awt.windows.WPrinterJob"/>
    <property name="sun.os.patch.level" value=""/>
    <property name="java.library.path" value="D:\Files\jdk\jdk-11.0.16.1\bin;C:\Windows\Sun\Java\bin;C:\Windows\system32;C:\Windows;D:\Program Files\vm\bin\;C:\Windows\system32;C:\Windows;C:\Windows\System32\Wbem;C:\Windows\System32\WindowsPowerShell\v1.0\;C:\Windows\System32\OpenSSH\;D:\Program Files\Git\Git\cmd;D:\mysql\bin;D:\Files\python\Python38;D:\Files\python\Python38\Scripts;D:\Files\androidSDK\Sdk\platform-tools;D:\Files\jdk\jdk-11.0.16.1\bin;D:\Files\Maven\apache-maven-3.6.1\bin;D:\Program Files\NodeJS;D:\node-v14.21.3-win-x64;D:\Files\python;D:\Program Files\tesseract-ocr;D:\Program Files\poppler\poppler-23.05.0\Library\bin;D:\Files\Gradle\gradle-7.2\bin;D:\Files\androidSDK\Sdk\platform-tools;D:\Program Files\Dev c++\Dev-Cpp\MinGW64\bin;C:\Program Files\NVIDIA Corporation\NVIDIA NvDLISR;C:\Windows\System32\cmd.exe;C:\Program Files (x86)\NVIDIA Corporation\PhysX\Common;D:\Program Files\Redis\;;D:\Program Files\微信web开发者工具\dll;C:\Users\86198\AppData\Local\Programs\Python\Python37\Scripts\;C:\Users\86198\AppData\Local\Programs\Python\Python37\;C:\Users\86198\.cargo\bin;C:\Users\86198\AppData\Local\Microsoft\WindowsApps;C:\Program Files\Azure Data Studio\bin;C:\Users\86198\.dotnet\tools;D:\qqGame\Hall.57773\;D:\Program Files\PyCharm Community Edition 2022.1.1\bin;C:\Program Files\Azure Data Studio\bin;C:\Users\86198\AppData\Roaming\npm;C:\Users\86198\AppData\Local\JetBrains\Toolbox\scripts;D:\Program Files\tesseract-ocr;D:\Program Files\Microsoft VS Code\bin;C:\Users\86198\.dotnet\tools;."/>
    <property name="java.vendor" value="Oracle Corporation"/>
    <property name="java.vm.info" value="mixed mode"/>
    <property name="java.vm.version" value="11.0.16.1+1-LTS-1"/>
    <property name="sun.io.unicode.encoding" value="UnicodeLittle"/>
    <property name="maven.repo.local" value="D:\Files\Maven\apache-maven-3.6.1\repo"/>
    <property name="java.class.version" value="55.0"/>
  </properties>
  <testcase name="contextLoads3" classname="com.zzy.DemoApplicationTests" time="0.27"/>
</testsuite>